TN:
SF:src/createConnection.ts
FN:3,createConnection
FNF:1
FNH:1
FNDA:1,createConnection
DA:1,1
DA:2,1
DA:3,1
DA:4,1
DA:5,1
DA:6,1
DA:7,1
DA:8,1
LF:8
LH:8
BRDA:3,0,0,1
BRF:1
BRH:1
end_of_record
TN:
SF:src/createServer.ts
FN:6,createServer
FNF:1
FNH:1
FNDA:2,createServer
DA:1,1
DA:2,1
DA:3,1
DA:4,1
DA:5,1
DA:6,2
DA:7,2
DA:8,2
DA:9,2
DA:10,2
DA:11,2
DA:12,2
DA:13,1
DA:14,1
DA:15,1
LF:15
LH:15
BRDA:6,0,0,2
BRF:1
BRH:1
end_of_record
TN:
SF:src/entity/CreateTaskInput.ts
FNF:0
FNH:0
DA:1,1
DA:2,1
DA:3,1
DA:4,1
DA:5,1
DA:6,1
DA:7,1
DA:8,1
DA:9,1
DA:10,1
DA:11,1
DA:12,1
DA:13,1
DA:14,1
DA:15,1
DA:16,1
DA:17,1
DA:18,1
DA:19,1
DA:20,1
DA:21,1
DA:22,1
LF:22
LH:22
BRDA:5,0,0,3
BRDA:11,1,0,3
BRDA:14,2,0,3
BRDA:17,3,0,3
BRDA:20,4,0,3
BRF:5
BRH:5
end_of_record
TN:
SF:src/entity/Task.ts
FNF:0
FNH:0
DA:1,1
DA:2,1
DA:3,1
DA:4,1
DA:5,1
DA:6,1
DA:7,1
DA:8,1
DA:9,1
DA:10,1
DA:11,1
DA:12,1
DA:13,1
DA:14,1
DA:15,1
DA:16,1
DA:17,1
DA:18,1
DA:19,1
DA:20,1
DA:21,1
DA:22,1
DA:23,1
DA:24,1
DA:25,1
LF:25
LH:25
BRDA:5,0,0,2
BRDA:8,1,0,2
BRDA:14,2,0,2
BRDA:17,3,0,2
BRDA:20,4,0,2
BRDA:23,5,0,2
BRF:6
BRH:6
end_of_record
TN:
SF:src/models/TaskModels.ts
FNF:0
FNH:0
DA:1,1
DA:2,1
DA:3,1
DA:4,1
DA:5,1
DA:6,1
DA:7,1
DA:8,1
DA:9,1
DA:10,1
DA:11,1
DA:12,1
DA:13,1
DA:14,1
DA:15,1
DA:16,1
DA:17,1
DA:18,1
DA:19,1
DA:20,1
DA:21,1
DA:22,1
DA:23,1
DA:24,1
DA:25,1
DA:26,1
DA:27,1
DA:28,1
DA:29,1
DA:30,1
DA:31,1
DA:32,1
DA:33,1
DA:34,1
DA:35,1
LF:35
LH:35
BRF:0
BRH:0
end_of_record
TN:
SF:src/resolvers/TaskResolver.ts
FN:10,allTasks
FN:16,createTask
FNF:2
FNH:2
FNDA:1,allTasks
FNDA:1,createTask
DA:1,1
DA:2,1
DA:3,1
DA:4,1
DA:5,1
DA:6,1
DA:7,1
DA:8,1
DA:9,1
DA:10,1
DA:11,1
DA:12,1
DA:13,1
DA:14,1
DA:15,1
DA:16,1
DA:17,1
DA:18,1
DA:19,1
DA:20,1
DA:21,1
DA:22,1
DA:23,1
DA:24,1
DA:25,1
DA:26,1
DA:27,1
DA:28,1
DA:29,1
DA:30,1
DA:31,1
DA:32,1
DA:33,1
DA:34,1
DA:35,1
DA:36,1
DA:37,1
DA:38,1
DA:39,1
DA:40,1
DA:41,1
LF:41
LH:41
BRDA:10,0,0,1
BRDA:16,1,0,1
BRDA:9,2,0,2
BRDA:15,3,0,2
BRF:4
BRH:4
end_of_record
